0 info it worked if it ends with ok
1 verbose cli [ 'node', '/Users/Aapeli/.npm-packages/bin/npm', 'start' ]
2 info using npm@3.8.1
3 info using node@v0.10.35
4 verbose run-script [ 'prestart', 'start', 'poststart' ]
5 info lifecycle trackitime@0.0.0~prestart: trackitime@0.0.0
6 silly lifecycle trackitime@0.0.0~prestart: no script for prestart, continuing
7 info lifecycle trackitime@0.0.0~start: trackitime@0.0.0
8 verbose lifecycle trackitime@0.0.0~start: unsafe-perm in lifecycle true
9 verbose lifecycle trackitime@0.0.0~start: PATH: /Users/Aapeli/.npm-packages/lib/node_modules/npm/bin/node-gyp-bin:/Users/Aapeli/Google Drive/Documents/workspace/trackitime/node_modules/.bin:/usr/local/bin:/Users/Aapeli/.npm-packages/bin:/Library/Frameworks/Python.framework/Versions/3.5/bin:/usr/local/opt/jenv/shims:/Users/Aapeli/.jenv/bin:/usr/local/heroku/bin:/usr/local/bin:/usr/bin:/bin:/usr/sbin:/sbin:/opt/X11/bin
10 verbose lifecycle trackitime@0.0.0~start: CWD: /Users/Aapeli/Google Drive/Documents/workspace/trackitime
11 silly lifecycle trackitime@0.0.0~start: Args: [ '-c', 'node server.js' ]
12 silly lifecycle trackitime@0.0.0~start: Returned: code: 8  signal: null
13 info lifecycle trackitime@0.0.0~start: Failed to exec start script
14 verbose stack Error: trackitime@0.0.0 start: `node server.js`
14 verbose stack Exit status 8
14 verbose stack     at EventEmitter.<anonymous> (/Users/Aapeli/.npm-packages/lib/node_modules/npm/lib/utils/lifecycle.js:239:16)
14 verbose stack     at EventEmitter.emit (events.js:98:17)
14 verbose stack     at ChildProcess.<anonymous> (/Users/Aapeli/.npm-packages/lib/node_modules/npm/lib/utils/spawn.js:24:14)
14 verbose stack     at ChildProcess.emit (events.js:98:17)
14 verbose stack     at maybeClose (child_process.js:766:16)
14 verbose stack     at Process.ChildProcess._handle.onexit (child_process.js:833:5)
15 verbose pkgid trackitime@0.0.0
16 verbose cwd /Users/Aapeli/Google Drive/Documents/workspace/trackitime
17 error Darwin 15.4.0
18 error argv "node" "/Users/Aapeli/.npm-packages/bin/npm" "start"
19 error node v0.10.35
20 error npm  v3.8.1
21 error code ELIFECYCLE
22 error trackitime@0.0.0 start: `node server.js`
22 error Exit status 8
23 error Failed at the trackitime@0.0.0 start script 'node server.js'.
23 error Make sure you have the latest version of node.js and npm installed.
23 error If you do, this is most likely a problem with the trackitime package,
23 error not with npm itself.
23 error Tell the author that this fails on your system:
23 error     node server.js
23 error You can get information on how to open an issue for this project with:
23 error     npm bugs trackitime
23 error Or if that isn't available, you can get their info via:
23 error     npm owner ls trackitime
23 error There is likely additional logging output above.
24 verbose exit [ 1, true ]
